2023-05-10 10:25:22.385 [restartedMain] WARN  org.hibernate.orm.deprecation - HHH90000026: MySQL8Dialect has been deprecated; use org.hibernate.dialect.MySQLDialect instead
2023-05-10 10:25:24.436 [restartedMain] WARN  o.s.c.LocalVariableTableParameterNameDiscoverer - Using deprecated '-debug' fallback for parameter name resolution. Compile the affected code with '-parameters' instead or avoid its introspection: mg.recipe.user.UserRepository
2023-05-10 10:25:25.085 [restartedMain] WARN  o.s.c.LocalVariableTableParameterNameDiscoverer - Using deprecated '-debug' fallback for parameter name resolution. Compile the affected code with '-parameters' instead or avoid its introspection: mg.recipe.recipe.RecipeRepository
2023-05-10 10:25:25.128 [restartedMain] WARN  o.s.c.LocalVariableTableParameterNameDiscoverer - Using deprecated '-debug' fallback for parameter name resolution. Compile the affected code with '-parameters' instead or avoid its introspection: mg.recipe.recipeIngredient.RecipeIngredientRepository
2023-05-10 10:25:25.182 [restartedMain] WARN  o.s.c.LocalVariableTableParameterNameDiscoverer - Using deprecated '-debug' fallback for parameter name resolution. Compile the affected code with '-parameters' instead or avoid its introspection: mg.recipe.ingredientCategory.IngredientCategoryRepository
2023-05-10 10:25:25.229 [restartedMain] WARN  o.s.c.LocalVariableTableParameterNameDiscoverer - Using deprecated '-debug' fallback for parameter name resolution. Compile the affected code with '-parameters' instead or avoid its introspection: mg.recipe.ingredient.IngredientRepository
2023-05-10 10:25:25.295 [restartedMain] WARN  o.s.c.LocalVariableTableParameterNameDiscoverer - Using deprecated '-debug' fallback for parameter name resolution. Compile the affected code with '-parameters' instead or avoid its introspection: mg.recipe.instruction.InstructionRepository
2023-05-10 10:25:25.510 [restartedMain] WARN  o.s.b.a.o.j.JpaBaseConfiguration$JpaWebConfiguration - spring.jpa.open-in-view is enabled by default. Therefore, database queries may be performed during view rendering. Explicitly configure spring.jpa.open-in-view to disable this warning
2023-05-10 10:25:28.320 [http-nio-8080-exec-5] WARN  o.s.c.LocalVariableTableParameterNameDiscoverer - Using deprecated '-debug' fallback for parameter name resolution. Compile the affected code with '-parameters' instead or avoid its introspection: mg.recipe.recipe.RecipeController
2023-05-10 10:37:01.197 [http-nio-8080-exec-3] WARN  o.s.c.LocalVariableTableParameterNameDiscoverer - Using deprecated '-debug' fallback for parameter name resolution. Compile the affected code with '-parameters' instead or avoid its introspection: mg.recipe.ingredient.IngredientController
2023-05-10 10:44:06.467 [http-nio-8080-exec-6] WARN  o.s.c.LocalVariableTableParameterNameDiscoverer - Using deprecated '-debug' fallback for parameter name resolution. Compile the affected code with '-parameters' instead or avoid its introspection: mg.recipe.user.UserController
2023-05-10 10:47:22.000 [http-nio-8080-exec-7] WARN  o.s.c.LocalVariableTableParameterNameDiscoverer - Using deprecated '-debug' fallback for parameter name resolution. Compile the affected code with '-parameters' instead or avoid its introspection: mg.recipe.admin.AdminController
2023-05-10 11:53:08.156 [HikariPool-1 housekeeper] WARN  com.zaxxer.hikari.pool.HikariPool - HikariPool-1 - Thread starvation or clock leap detected (housekeeper delta=1m44s277ms334µs200ns).
2023-05-10 12:07:20.981 [HikariPool-1 housekeeper] WARN  com.zaxxer.hikari.pool.HikariPool - HikariPool-1 - Thread starvation or clock leap detected (housekeeper delta=6m42s712ms905µs900ns).
2023-05-10 13:00:53.804 [HikariPool-1 housekeeper] WARN  com.zaxxer.hikari.pool.HikariPool - HikariPool-1 - Thread starvation or clock leap detected (housekeeper delta=51m1s781ms483µs500ns).
2023-05-10 13:31:09.053 [restartedMain] WARN  org.hibernate.orm.deprecation - HHH90000026: MySQL8Dialect has been deprecated; use org.hibernate.dialect.MySQLDialect instead
2023-05-10 13:31:09.100 [restartedMain] WARN  o.s.b.a.o.j.JpaBaseConfiguration$JpaWebConfiguration - spring.jpa.open-in-view is enabled by default. Therefore, database queries may be performed during view rendering. Explicitly configure spring.jpa.open-in-view to disable this warning
2023-05-10 13:31:09.233 [restartedMain] WARN  o.s.b.a.s.s.UserDetailsServiceAutoConfiguration - 

Using generated security password: 64c587b5-4ad2-4755-aeb2-41075d06ea91

This generated password is for development use only. Your security configuration must be updated before running your application in production.

2023-05-10 13:31:12.396 [restartedMain] WARN  org.hibernate.orm.deprecation - HHH90000026: MySQL8Dialect has been deprecated; use org.hibernate.dialect.MySQLDialect instead
2023-05-10 13:31:12.637 [restartedMain] WARN  o.s.c.LocalVariableTableParameterNameDiscoverer - Using deprecated '-debug' fallback for parameter name resolution. Compile the affected code with '-parameters' instead or avoid its introspection: mg.recipe.user.UserRepository
2023-05-10 13:31:12.680 [restartedMain] WARN  o.s.c.LocalVariableTableParameterNameDiscoverer - Using deprecated '-debug' fallback for parameter name resolution. Compile the affected code with '-parameters' instead or avoid its introspection: mg.recipe.recipe.RecipeRepository
2023-05-10 13:31:12.696 [restartedMain] WARN  o.s.c.LocalVariableTableParameterNameDiscoverer - Using deprecated '-debug' fallback for parameter name resolution. Compile the affected code with '-parameters' instead or avoid its introspection: mg.recipe.recipeIngredient.RecipeIngredientRepository
2023-05-10 13:31:12.714 [restartedMain] WARN  o.s.c.LocalVariableTableParameterNameDiscoverer - Using deprecated '-debug' fallback for parameter name resolution. Compile the affected code with '-parameters' instead or avoid its introspection: mg.recipe.ingredientCategory.IngredientCategoryRepository
2023-05-10 13:31:12.738 [restartedMain] WARN  o.s.c.LocalVariableTableParameterNameDiscoverer - Using deprecated '-debug' fallback for parameter name resolution. Compile the affected code with '-parameters' instead or avoid its introspection: mg.recipe.ingredient.IngredientRepository
2023-05-10 13:31:12.767 [restartedMain] WARN  o.s.c.LocalVariableTableParameterNameDiscoverer - Using deprecated '-debug' fallback for parameter name resolution. Compile the affected code with '-parameters' instead or avoid its introspection: mg.recipe.instruction.InstructionRepository
2023-05-10 13:31:12.795 [restartedMain] WARN  o.s.b.a.o.j.JpaBaseConfiguration$JpaWebConfiguration - spring.jpa.open-in-view is enabled by default. Therefore, database queries may be performed during view rendering. Explicitly configure spring.jpa.open-in-view to disable this warning
2023-05-10 13:36:08.090 [http-nio-8080-exec-2] WARN  o.s.c.LocalVariableTableParameterNameDiscoverer - Using deprecated '-debug' fallback for parameter name resolution. Compile the affected code with '-parameters' instead or avoid its introspection: mg.recipe.recipe.RecipeController
2023-05-10 13:45:22.075 [http-nio-8080-exec-6] WARN  o.s.c.LocalVariableTableParameterNameDiscoverer - Using deprecated '-debug' fallback for parameter name resolution. Compile the affected code with '-parameters' instead or avoid its introspection: mg.recipe.ingredient.IngredientController
2023-05-10 13:50:56.311 [restartedMain] WARN  org.hibernate.orm.deprecation - HHH90000026: MySQL8Dialect has been deprecated; use org.hibernate.dialect.MySQLDialect instead
2023-05-10 13:50:56.490 [restartedMain] WARN  o.s.c.LocalVariableTableParameterNameDiscoverer - Using deprecated '-debug' fallback for parameter name resolution. Compile the affected code with '-parameters' instead or avoid its introspection: mg.recipe.user.UserRepository
2023-05-10 13:50:56.527 [restartedMain] WARN  o.s.c.LocalVariableTableParameterNameDiscoverer - Using deprecated '-debug' fallback for parameter name resolution. Compile the affected code with '-parameters' instead or avoid its introspection: mg.recipe.recipe.RecipeRepository
2023-05-10 13:50:56.546 [restartedMain] WARN  o.s.c.LocalVariableTableParameterNameDiscoverer - Using deprecated '-debug' fallback for parameter name resolution. Compile the affected code with '-parameters' instead or avoid its introspection: mg.recipe.recipeIngredient.RecipeIngredientRepository
2023-05-10 13:50:56.562 [restartedMain] WARN  o.s.c.LocalVariableTableParameterNameDiscoverer - Using deprecated '-debug' fallback for parameter name resolution. Compile the affected code with '-parameters' instead or avoid its introspection: mg.recipe.ingredientCategory.IngredientCategoryRepository
2023-05-10 13:50:56.580 [restartedMain] WARN  o.s.c.LocalVariableTableParameterNameDiscoverer - Using deprecated '-debug' fallback for parameter name resolution. Compile the affected code with '-parameters' instead or avoid its introspection: mg.recipe.ingredient.IngredientRepository
2023-05-10 13:50:56.609 [restartedMain] WARN  o.s.c.LocalVariableTableParameterNameDiscoverer - Using deprecated '-debug' fallback for parameter name resolution. Compile the affected code with '-parameters' instead or avoid its introspection: mg.recipe.instruction.InstructionRepository
2023-05-10 13:50:56.636 [restartedMain] WARN  o.s.b.a.o.j.JpaBaseConfiguration$JpaWebConfiguration - spring.jpa.open-in-view is enabled by default. Therefore, database queries may be performed during view rendering. Explicitly configure spring.jpa.open-in-view to disable this warning
2023-05-10 13:50:58.551 [restartedMain] WARN  org.hibernate.orm.deprecation - HHH90000026: MySQL8Dialect has been deprecated; use org.hibernate.dialect.MySQLDialect instead
2023-05-10 13:50:58.717 [restartedMain] WARN  o.s.c.LocalVariableTableParameterNameDiscoverer - Using deprecated '-debug' fallback for parameter name resolution. Compile the affected code with '-parameters' instead or avoid its introspection: mg.recipe.user.UserRepository
2023-05-10 13:50:58.748 [restartedMain] WARN  o.s.c.LocalVariableTableParameterNameDiscoverer - Using deprecated '-debug' fallback for parameter name resolution. Compile the affected code with '-parameters' instead or avoid its introspection: mg.recipe.recipe.RecipeRepository
2023-05-10 13:50:58.760 [restartedMain] WARN  o.s.c.LocalVariableTableParameterNameDiscoverer - Using deprecated '-debug' fallback for parameter name resolution. Compile the affected code with '-parameters' instead or avoid its introspection: mg.recipe.recipeIngredient.RecipeIngredientRepository
2023-05-10 13:50:58.773 [restartedMain] WARN  o.s.c.LocalVariableTableParameterNameDiscoverer - Using deprecated '-debug' fallback for parameter name resolution. Compile the affected code with '-parameters' instead or avoid its introspection: mg.recipe.ingredientCategory.IngredientCategoryRepository
2023-05-10 13:50:58.788 [restartedMain] WARN  o.s.c.LocalVariableTableParameterNameDiscoverer - Using deprecated '-debug' fallback for parameter name resolution. Compile the affected code with '-parameters' instead or avoid its introspection: mg.recipe.ingredient.IngredientRepository
2023-05-10 13:50:58.811 [restartedMain] WARN  o.s.c.LocalVariableTableParameterNameDiscoverer - Using deprecated '-debug' fallback for parameter name resolution. Compile the affected code with '-parameters' instead or avoid its introspection: mg.recipe.instruction.InstructionRepository
2023-05-10 13:50:58.836 [restartedMain] WARN  o.s.b.a.o.j.JpaBaseConfiguration$JpaWebConfiguration - spring.jpa.open-in-view is enabled by default. Therefore, database queries may be performed during view rendering. Explicitly configure spring.jpa.open-in-view to disable this warning
2023-05-10 14:08:18.725 [http-nio-8080-exec-4] WARN  o.s.c.LocalVariableTableParameterNameDiscoverer - Using deprecated '-debug' fallback for parameter name resolution. Compile the affected code with '-parameters' instead or avoid its introspection: mg.recipe.recipe.RecipeController
2023-05-10 14:14:39.377 [http-nio-8080-exec-4] WARN  o.s.c.LocalVariableTableParameterNameDiscoverer - Using deprecated '-debug' fallback for parameter name resolution. Compile the affected code with '-parameters' instead or avoid its introspection: mg.recipe.user.UserController
2023-05-10 15:32:33.376 [http-nio-8080-exec-4] WARN  o.s.c.LocalVariableTableParameterNameDiscoverer - Using deprecated '-debug' fallback for parameter name resolution. Compile the affected code with '-parameters' instead or avoid its introspection: mg.recipe.admin.AdminController
2023-05-10 15:32:50.520 [http-nio-8080-exec-1] WARN  o.s.w.s.m.s.DefaultHandlerExceptionResolver - Resolved [org.springframework.web.HttpRequestMethodNotSupportedException: Request method 'GET' is not supported]
2023-05-10 16:54:11.007 [restartedMain] WARN  org.hibernate.orm.deprecation - HHH90000026: MySQL8Dialect has been deprecated; use org.hibernate.dialect.MySQLDialect instead
2023-05-10 16:54:12.212 [restartedMain] WARN  o.s.c.LocalVariableTableParameterNameDiscoverer - Using deprecated '-debug' fallback for parameter name resolution. Compile the affected code with '-parameters' instead or avoid its introspection: mg.recipe.user.UserRepository
2023-05-10 16:54:12.636 [restartedMain] WARN  o.s.c.LocalVariableTableParameterNameDiscoverer - Using deprecated '-debug' fallback for parameter name resolution. Compile the affected code with '-parameters' instead or avoid its introspection: mg.recipe.recipe.RecipeRepository
2023-05-10 16:54:12.670 [restartedMain] WARN  o.s.c.LocalVariableTableParameterNameDiscoverer - Using deprecated '-debug' fallback for parameter name resolution. Compile the affected code with '-parameters' instead or avoid its introspection: mg.recipe.recipeIngredient.RecipeIngredientRepository
2023-05-10 16:54:12.710 [restartedMain] WARN  o.s.c.LocalVariableTableParameterNameDiscoverer - Using deprecated '-debug' fallback for parameter name resolution. Compile the affected code with '-parameters' instead or avoid its introspection: mg.recipe.ingredientCategory.IngredientCategoryRepository
2023-05-10 16:54:12.747 [restartedMain] WARN  o.s.c.LocalVariableTableParameterNameDiscoverer - Using deprecated '-debug' fallback for parameter name resolution. Compile the affected code with '-parameters' instead or avoid its introspection: mg.recipe.ingredient.IngredientRepository
2023-05-10 16:54:12.783 [restartedMain] WARN  o.s.c.LocalVariableTableParameterNameDiscoverer - Using deprecated '-debug' fallback for parameter name resolution. Compile the affected code with '-parameters' instead or avoid its introspection: mg.recipe.instruction.InstructionRepository
2023-05-10 16:54:12.858 [restartedMain] WARN  o.s.b.a.o.j.JpaBaseConfiguration$JpaWebConfiguration - spring.jpa.open-in-view is enabled by default. Therefore, database queries may be performed during view rendering. Explicitly configure spring.jpa.open-in-view to disable this warning
2023-05-10 16:54:15.131 [http-nio-8080-exec-9] WARN  o.s.c.LocalVariableTableParameterNameDiscoverer - Using deprecated '-debug' fallback for parameter name resolution. Compile the affected code with '-parameters' instead or avoid its introspection: mg.recipe.recipe.RecipeController
2023-05-10 17:00:33.455 [http-nio-8080-exec-4] WARN  o.s.c.LocalVariableTableParameterNameDiscoverer - Using deprecated '-debug' fallback for parameter name resolution. Compile the affected code with '-parameters' instead or avoid its introspection: mg.recipe.admin.AdminController
2023-05-10 17:18:55.840 [http-nio-8080-exec-6] WARN  o.s.c.LocalVariableTableParameterNameDiscoverer - Using deprecated '-debug' fallback for parameter name resolution. Compile the affected code with '-parameters' instead or avoid its introspection: mg.recipe.ingredient.IngredientController
2023-05-10 17:25:59.130 [http-nio-8080-exec-7] WARN  o.s.w.s.m.a.ResponseStatusExceptionResolver - Resolved [mg.recipe.DataNotFoundException: ユーザーIDが存在しません。]
2023-05-10 17:26:07.629 [http-nio-8080-exec-7] WARN  o.s.w.s.m.a.ResponseStatusExceptionResolver - Resolved [mg.recipe.DataNotFoundException: ユーザーIDが存在しません。]
2023-05-10 17:26:10.544 [http-nio-8080-exec-4] WARN  o.s.w.s.m.a.ResponseStatusExceptionResolver - Resolved [mg.recipe.DataNotFoundException: ユーザーIDが存在しません。]
2023-05-10 17:26:20.158 [http-nio-8080-exec-5] WARN  o.s.c.LocalVariableTableParameterNameDiscoverer - Using deprecated '-debug' fallback for parameter name resolution. Compile the affected code with '-parameters' instead or avoid its introspection: mg.recipe.user.UserController
2023-05-10 17:26:20.161 [http-nio-8080-exec-5] WARN  o.s.w.s.m.a.ResponseStatusExceptionResolver - Resolved [mg.recipe.DataNotFoundException: ユーザーIDが存在しません。]
