2023-05-08 09:06:09.434 [restartedMain] WARN  org.hibernate.orm.deprecation - HHH90000026: MySQL8Dialect has been deprecated; use org.hibernate.dialect.MySQLDialect instead
2023-05-08 09:06:10.712 [restartedMain] WARN  o.s.c.LocalVariableTableParameterNameDiscoverer - Using deprecated '-debug' fallback for parameter name resolution. Compile the affected code with '-parameters' instead or avoid its introspection: mg.recipe.user.UserRepository
2023-05-08 09:06:11.118 [restartedMain] WARN  o.s.c.LocalVariableTableParameterNameDiscoverer - Using deprecated '-debug' fallback for parameter name resolution. Compile the affected code with '-parameters' instead or avoid its introspection: mg.recipe.recipe.RecipeRepository
2023-05-08 09:06:11.148 [restartedMain] WARN  o.s.c.LocalVariableTableParameterNameDiscoverer - Using deprecated '-debug' fallback for parameter name resolution. Compile the affected code with '-parameters' instead or avoid its introspection: mg.recipe.recipeIngredient.RecipeIngredientRepository
2023-05-08 09:06:11.178 [restartedMain] WARN  o.s.c.LocalVariableTableParameterNameDiscoverer - Using deprecated '-debug' fallback for parameter name resolution. Compile the affected code with '-parameters' instead or avoid its introspection: mg.recipe.ingredientCategory.IngredientCategoryRepository
2023-05-08 09:06:11.212 [restartedMain] WARN  o.s.c.LocalVariableTableParameterNameDiscoverer - Using deprecated '-debug' fallback for parameter name resolution. Compile the affected code with '-parameters' instead or avoid its introspection: mg.recipe.ingredient.IngredientRepository
2023-05-08 09:06:11.250 [restartedMain] WARN  o.s.c.LocalVariableTableParameterNameDiscoverer - Using deprecated '-debug' fallback for parameter name resolution. Compile the affected code with '-parameters' instead or avoid its introspection: mg.recipe.instruction.InstructionRepository
2023-05-08 09:06:11.329 [restartedMain] WARN  o.s.b.a.o.j.JpaBaseConfiguration$JpaWebConfiguration - spring.jpa.open-in-view is enabled by default. Therefore, database queries may be performed during view rendering. Explicitly configure spring.jpa.open-in-view to disable this warning
2023-05-08 09:08:05.976 [http-nio-8080-exec-8] WARN  o.s.c.LocalVariableTableParameterNameDiscoverer - Using deprecated '-debug' fallback for parameter name resolution. Compile the affected code with '-parameters' instead or avoid its introspection: mg.recipe.ingredient.IngredientController
2023-05-08 09:12:06.158 [http-nio-8080-exec-5] WARN  o.s.c.LocalVariableTableParameterNameDiscoverer - Using deprecated '-debug' fallback for parameter name resolution. Compile the affected code with '-parameters' instead or avoid its introspection: mg.recipe.recipe.RecipeController
2023-05-08 09:17:06.746 [http-nio-8080-exec-10] WARN  o.apache.catalina.connector.Request - Creating the temporary upload location [C:\Users\mg-e1\AppData\Local\Temp\tomcat.8080.3893642760820039262\work\Tomcat\localhost\ROOT] as it is required by the servlet [dispatcherServlet]
2023-05-08 09:50:48.717 [http-nio-8080-exec-1] WARN  o.s.c.LocalVariableTableParameterNameDiscoverer - Using deprecated '-debug' fallback for parameter name resolution. Compile the affected code with '-parameters' instead or avoid its introspection: mg.recipe.user.UserController
2023-05-08 10:08:14.225 [http-nio-8080-exec-4] WARN  o.s.c.LocalVariableTableParameterNameDiscoverer - Using deprecated '-debug' fallback for parameter name resolution. Compile the affected code with '-parameters' instead or avoid its introspection: mg.recipe.admin.AdminController
2023-05-08 11:39:29.844 [restartedMain] WARN  org.hibernate.orm.deprecation - HHH90000026: MySQL8Dialect has been deprecated; use org.hibernate.dialect.MySQLDialect instead
2023-05-08 11:39:31.192 [restartedMain] WARN  o.s.c.LocalVariableTableParameterNameDiscoverer - Using deprecated '-debug' fallback for parameter name resolution. Compile the affected code with '-parameters' instead or avoid its introspection: mg.recipe.user.UserRepository
2023-05-08 11:39:31.569 [restartedMain] WARN  o.s.c.LocalVariableTableParameterNameDiscoverer - Using deprecated '-debug' fallback for parameter name resolution. Compile the affected code with '-parameters' instead or avoid its introspection: mg.recipe.recipe.RecipeRepository
2023-05-08 11:39:31.596 [restartedMain] WARN  o.s.c.LocalVariableTableParameterNameDiscoverer - Using deprecated '-debug' fallback for parameter name resolution. Compile the affected code with '-parameters' instead or avoid its introspection: mg.recipe.recipeIngredient.RecipeIngredientRepository
2023-05-08 11:39:31.627 [restartedMain] WARN  o.s.c.LocalVariableTableParameterNameDiscoverer - Using deprecated '-debug' fallback for parameter name resolution. Compile the affected code with '-parameters' instead or avoid its introspection: mg.recipe.ingredientCategory.IngredientCategoryRepository
2023-05-08 11:39:31.665 [restartedMain] WARN  o.s.c.LocalVariableTableParameterNameDiscoverer - Using deprecated '-debug' fallback for parameter name resolution. Compile the affected code with '-parameters' instead or avoid its introspection: mg.recipe.ingredient.IngredientRepository
2023-05-08 11:39:31.702 [restartedMain] WARN  o.s.c.LocalVariableTableParameterNameDiscoverer - Using deprecated '-debug' fallback for parameter name resolution. Compile the affected code with '-parameters' instead or avoid its introspection: mg.recipe.instruction.InstructionRepository
2023-05-08 11:39:31.783 [restartedMain] WARN  o.s.b.a.o.j.JpaBaseConfiguration$JpaWebConfiguration - spring.jpa.open-in-view is enabled by default. Therefore, database queries may be performed during view rendering. Explicitly configure spring.jpa.open-in-view to disable this warning
2023-05-08 11:39:40.220 [http-nio-8080-exec-2] WARN  o.s.w.s.m.a.ResponseStatusExceptionResolver - Resolved [mg.recipe.DataNotFoundException: レシピがありません。]
2023-05-08 11:39:43.754 [http-nio-8080-exec-9] WARN  o.s.c.LocalVariableTableParameterNameDiscoverer - Using deprecated '-debug' fallback for parameter name resolution. Compile the affected code with '-parameters' instead or avoid its introspection: mg.recipe.recipe.RecipeController
2023-05-08 11:40:29.722 [http-nio-8080-exec-7] WARN  o.s.c.LocalVariableTableParameterNameDiscoverer - Using deprecated '-debug' fallback for parameter name resolution. Compile the affected code with '-parameters' instead or avoid its introspection: mg.recipe.ingredient.IngredientController
2023-05-08 12:58:52.872 [HikariPool-1 housekeeper] WARN  com.zaxxer.hikari.pool.HikariPool - HikariPool-1 - Thread starvation or clock leap detected (housekeeper delta=26m49s98ms119µs200ns).
2023-05-08 13:28:01.464 [HikariPool-1 housekeeper] WARN  com.zaxxer.hikari.pool.HikariPool - HikariPool-1 - Thread starvation or clock leap detected (housekeeper delta=9m38s345ms550µs).
2023-05-08 14:49:07.595 [http-nio-8080-exec-3] WARN  o.s.c.LocalVariableTableParameterNameDiscoverer - Using deprecated '-debug' fallback for parameter name resolution. Compile the affected code with '-parameters' instead or avoid its introspection: mg.recipe.user.UserController
2023-05-08 16:12:06.822 [restartedMain] WARN  org.hibernate.orm.deprecation - HHH90000026: MySQL8Dialect has been deprecated; use org.hibernate.dialect.MySQLDialect instead
2023-05-08 16:12:07.996 [restartedMain] WARN  o.s.c.LocalVariableTableParameterNameDiscoverer - Using deprecated '-debug' fallback for parameter name resolution. Compile the affected code with '-parameters' instead or avoid its introspection: mg.recipe.user.UserRepository
2023-05-08 16:12:08.384 [restartedMain] WARN  o.s.c.LocalVariableTableParameterNameDiscoverer - Using deprecated '-debug' fallback for parameter name resolution. Compile the affected code with '-parameters' instead or avoid its introspection: mg.recipe.recipe.RecipeRepository
2023-05-08 16:12:08.415 [restartedMain] WARN  o.s.c.LocalVariableTableParameterNameDiscoverer - Using deprecated '-debug' fallback for parameter name resolution. Compile the affected code with '-parameters' instead or avoid its introspection: mg.recipe.recipeIngredient.RecipeIngredientRepository
2023-05-08 16:12:08.450 [restartedMain] WARN  o.s.c.LocalVariableTableParameterNameDiscoverer - Using deprecated '-debug' fallback for parameter name resolution. Compile the affected code with '-parameters' instead or avoid its introspection: mg.recipe.ingredientCategory.IngredientCategoryRepository
2023-05-08 16:12:08.485 [restartedMain] WARN  o.s.c.LocalVariableTableParameterNameDiscoverer - Using deprecated '-debug' fallback for parameter name resolution. Compile the affected code with '-parameters' instead or avoid its introspection: mg.recipe.ingredient.IngredientRepository
2023-05-08 16:12:08.526 [restartedMain] WARN  o.s.c.LocalVariableTableParameterNameDiscoverer - Using deprecated '-debug' fallback for parameter name resolution. Compile the affected code with '-parameters' instead or avoid its introspection: mg.recipe.instruction.InstructionRepository
2023-05-08 16:12:08.609 [restartedMain] WARN  o.s.b.a.o.j.JpaBaseConfiguration$JpaWebConfiguration - spring.jpa.open-in-view is enabled by default. Therefore, database queries may be performed during view rendering. Explicitly configure spring.jpa.open-in-view to disable this warning
2023-05-08 16:12:12.674 [http-nio-8080-exec-4] WARN  o.s.c.LocalVariableTableParameterNameDiscoverer - Using deprecated '-debug' fallback for parameter name resolution. Compile the affected code with '-parameters' instead or avoid its introspection: mg.recipe.recipe.RecipeController
2023-05-08 16:13:28.978 [http-nio-8080-exec-6] WARN  o.s.c.LocalVariableTableParameterNameDiscoverer - Using deprecated '-debug' fallback for parameter name resolution. Compile the affected code with '-parameters' instead or avoid its introspection: mg.recipe.user.UserController
2023-05-08 16:23:50.095 [http-nio-8080-exec-10] WARN  o.s.c.LocalVariableTableParameterNameDiscoverer - Using deprecated '-debug' fallback for parameter name resolution. Compile the affected code with '-parameters' instead or avoid its introspection: mg.recipe.ingredient.IngredientController
2023-05-08 16:25:27.811 [http-nio-8080-exec-8] WARN  o.s.c.LocalVariableTableParameterNameDiscoverer - Using deprecated '-debug' fallback for parameter name resolution. Compile the affected code with '-parameters' instead or avoid its introspection: mg.recipe.admin.AdminController
